2013-06-08 16:37:55,043 INFO BINNER RUN
2013-06-08 16:37:55,043 INFO Input: /share/Example_input/Example1.in_small
2013-06-08 16:37:55,043 INFO Xml template: example_data/Example1_description.xml
2013-06-08 16:37:55,043 INFO Output: out.xml
2013-06-08 16:37:55,043 INFO read2cds solver: greedy
2013-06-08 16:37:55,043 INFO taxonomy solver: simple
2013-06-08 16:37:58,154 INFO Started.
2013-06-08 16:37:58,160 INFO Populate read container - elapsed time: 00:00:00
2013-06-08 16:37:58,171 INFO No record with ID AC069027.9
2013-06-08 16:37:58,172 INFO No record with ID AC084852.4
2013-06-08 16:37:58,173 INFO No record with ID AC123786.6
2013-06-08 16:37:58,174 INFO No record with ID AY064314.1
2013-06-08 16:37:58,175 INFO No record with ID AY064315.1
2013-06-08 16:37:58,176 INFO No record with ID AL117376.28
2013-06-08 16:37:58,262 INFO No record with ID AC079255.5
2013-06-08 16:37:58,263 INFO No record with ID AC187990.1
2013-06-08 16:37:58,264 INFO No record with ID AC188568.4
2013-06-08 16:37:58,265 INFO No record with ID AC192932.3
2013-06-08 16:37:58,266 INFO No record with ID BX005375.9
2013-06-08 16:37:58,266 INFO No record with ID Z82215.1
2013-06-08 16:37:58,268 INFO No record with ID AC201630.7
2013-06-08 16:37:58,269 INFO No record with ID AC200580.6
2013-06-08 16:37:58,270 INFO No record with ID AC239656.3
2013-06-08 16:37:58,270 INFO No record with ID AC142122.2
2013-06-08 16:37:58,271 INFO No record with ID AC160845.1
2013-06-08 16:37:58,272 INFO No record with ID AC192841.3
2013-06-08 16:37:58,273 INFO No record with ID AC194763.3
2013-06-08 16:37:58,273 INFO No record with ID AC007892.4
2013-06-08 16:37:58,274 INFO No record with ID AC023595.19
2013-06-08 16:37:58,395 INFO No record with ID AC105265.4
2013-06-08 16:37:58,397 INFO No record with ID FP245430.4
2013-06-08 16:37:58,398 INFO No record with ID Z95114.19
2013-06-08 16:37:58,399 INFO No record with ID AC231555.3
2013-06-08 16:37:58,400 INFO No record with ID AC020941.5
2013-06-08 16:37:58,402 INFO No record with ID AK267339.1
2013-06-08 16:37:58,403 INFO No record with ID FJ471459.1
2013-06-08 16:37:58,404 INFO No record with ID FQ222430.1
2013-06-08 16:37:58,405 INFO No record with ID HQ525656.1
2013-06-08 16:37:58,422 INFO No record with ID AC106882.5
2013-06-08 16:37:58,424 INFO No record with ID AK030418.1
2013-06-08 16:37:58,425 INFO No record with ID AK032398.1
2013-06-08 16:37:58,426 INFO No record with ID AC011754.8
2013-06-08 16:37:58,426 INFO No record with ID AC093380.6
2013-06-08 16:37:58,427 INFO No record with ID AC007156.2
2013-06-08 16:37:58,428 INFO No record with ID AP005209.3
2013-06-08 16:37:58,429 INFO No record with ID AC007380.3
2013-06-08 16:37:58,429 INFO No record with ID AC025853.17
2013-06-08 16:37:58,430 INFO No record with ID AC198146.2
2013-06-08 16:37:58,431 INFO No record with ID AC188055.1
2013-06-08 16:37:58,432 INFO No record with ID AC187640.2
2013-06-08 16:37:58,433 INFO No record with ID AC027708.12
2013-06-08 16:37:58,434 INFO No record with ID AC153566.12
2013-06-08 16:37:58,434 INFO No record with ID CT027699.14
2013-06-08 16:37:58,435 INFO No record with ID CU041404.15
2013-06-08 16:37:58,436 INFO No record with ID CR626875.10
2013-06-08 16:37:58,437 INFO No record with ID AC140921.2
2013-06-08 16:37:58,438 INFO No record with ID AC096909.10
2013-06-08 16:37:58,439 INFO No record with ID X72623.1
2013-06-08 16:37:58,440 INFO No record with ID L12216.1
2013-06-08 16:37:58,440 INFO No record with ID Z64559.1
2013-06-08 16:37:58,441 INFO No record with ID AF051684.1
2013-06-08 16:37:58,442 INFO No record with ID AJ297042.1
2013-06-08 16:37:58,443 INFO No record with ID AC115282.2
2013-06-08 16:37:58,443 INFO No record with ID AC127370.3
2013-06-08 16:37:58,444 INFO No record with ID AC156940.1
2013-06-08 16:37:58,445 INFO No record with ID GQ426865.1
2013-06-08 16:37:58,446 INFO No record with ID CR392024.15
2013-06-08 16:37:58,446 INFO No record with ID AC120807.4
2013-06-08 16:37:58,447 INFO No record with ID FP236638.8
2013-06-08 16:37:58,448 INFO No record with ID AC067796.11
2013-06-08 16:37:58,449 INFO No record with ID AC010853.11
2013-06-08 16:37:58,449 INFO No record with ID AC005776.1
2013-06-08 16:37:58,450 INFO No record with ID AC145855.2
2013-06-08 16:37:58,451 INFO No record with ID AC146056.2
2013-06-08 16:37:58,451 INFO No record with ID AC138364.8
2013-06-08 16:37:58,452 INFO No record with ID CR392002.14
2013-06-08 16:37:58,453 INFO No record with ID AC150416.2
2013-06-08 16:37:58,454 INFO No record with ID CR533429.7
2013-06-08 16:37:58,454 INFO No record with ID BX957338.16
2013-06-08 16:37:58,455 INFO No record with ID AC202602.5
2013-06-08 16:37:58,456 INFO No record with ID AC104626.3
2013-06-08 16:37:58,457 INFO No record with ID FP236505.8
2013-06-08 16:37:58,458 INFO No record with ID XR_135657.1
2013-06-08 16:37:58,459 INFO No record with ID FP236357.7
2013-06-08 16:37:58,459 INFO No record with ID AC006249.1
2013-06-08 16:37:58,460 INFO No record with ID AC138305.2
2013-06-08 16:37:58,461 INFO No record with ID AC012172.7
2013-06-08 16:37:58,461 INFO No record with ID AL049564.11
2013-06-08 16:37:58,464 INFO No record with ID AC105357.7
2013-06-08 16:37:58,464 INFO No record with ID AC134620.4
2013-06-08 16:37:58,465 INFO No record with ID AC005467.1
2013-06-08 16:37:58,467 INFO No record with ID AC011696.4
2013-06-08 16:37:58,469 INFO No record with ID AC098935.2
2013-06-08 16:37:58,470 INFO No record with ID AK096741.1
2013-06-08 16:37:58,471 INFO No record with ID AC011744.8
2013-06-08 16:37:58,472 INFO No record with ID AC105415.2
2013-06-08 16:37:58,494 INFO No record with ID JN931293.1
2013-06-08 16:37:58,494 INFO No record with ID AL023693.25
2013-06-08 16:37:58,495 INFO No record with ID AC104989.11
2013-06-08 16:37:58,496 INFO No record with ID HQ075512.1
2013-06-08 16:37:58,497 INFO No record with ID GU922685.1
2013-06-08 16:37:58,500 INFO No record with ID HQ505659.1
2013-06-08 16:37:58,502 INFO No record with ID AC155234.1
2013-06-08 16:37:58,503 INFO No record with ID AC155248.2
2013-06-08 16:37:58,504 INFO No record with ID JN957231.1
2013-06-08 16:37:58,504 INFO No record with ID AC233266.3
2013-06-08 16:37:58,505 INFO No record with ID FP885539.3
2013-06-08 16:37:58,506 INFO No record with ID AC129779.2
2013-06-08 16:37:58,506 INFO No record with ID AC110072.3
2013-06-08 16:37:58,507 INFO No record with ID AC182233.2
2013-06-08 16:37:58,508 INFO No record with ID AP004782.3
2013-06-08 16:37:58,510 INFO No record with ID AC147977.2
2013-06-08 16:37:58,510 INFO No record with ID AC005019.1
2013-06-08 16:37:58,511 INFO No record with ID AC145925.2
2013-06-08 16:37:58,511 INFO No record with ID AC188564.3
2013-06-08 16:37:58,513 INFO No record with ID AC007560.4
2013-06-08 16:37:58,514 INFO No record with ID FJ033001.1
2013-06-08 16:37:58,516 INFO No record with ID AK327468.1
2013-06-08 16:37:58,516 INFO No record with ID JN023091.1
2013-06-08 16:37:58,517 INFO No record with ID BC018500.1
2013-06-08 16:37:58,518 INFO No record with ID AC109458.3
2013-06-08 16:37:58,519 INFO No record with ID JF776631.1
2013-06-08 16:37:58,520 INFO No record with ID L08062.1
2013-06-08 16:37:58,521 INFO No record with ID NR_044718.1
2013-06-08 16:37:58,521 INFO No record with ID AC226393.3
2013-06-08 16:37:58,522 INFO No record with ID AC237179.3
2013-06-08 16:37:58,523 INFO No record with ID AC238573.3
2013-06-08 16:37:58,523 INFO No record with ID AC225608.3
2013-06-08 16:37:58,526 INFO No record with ID AY019874.1
2013-06-08 16:37:58,528 INFO No record with ID AL136377.15
2013-06-08 16:37:58,529 INFO No record with ID AL591108.18
2013-06-08 16:37:58,530 INFO No record with ID JN923304.1
2013-06-08 16:37:58,530 INFO No record with ID GU761978.1
2013-06-08 16:37:58,531 INFO No record with ID GU499466.1
2013-06-08 16:37:58,532 INFO No record with ID AC200688.3
2013-06-08 16:37:58,532 INFO No record with ID AM456568.2
2013-06-08 16:37:58,535 INFO No record with ID AL389888.8
2013-06-08 16:37:58,536 INFO No record with ID AL355802.13
2013-06-08 16:37:58,536 INFO No record with ID AC122848.3
2013-06-08 16:37:58,538 INFO No record with ID AL671532.13
2013-06-08 16:37:58,538 INFO No record with ID AC145613.2
2013-06-08 16:37:58,539 INFO No record with ID AC147648.4
2013-06-08 16:37:58,540 INFO No record with ID BX546479.5
2013-06-08 16:37:58,540 INFO No record with ID AL669831.13
2013-06-08 16:37:58,541 INFO No record with ID AC109446.2
2013-06-08 16:37:58,544 INFO No record with ID AC018952.9
2013-06-08 16:37:58,545 INFO No record with ID AC036214.9
2013-06-08 16:37:58,546 INFO No record with ID FP102825.15
2013-06-08 16:37:58,596 INFO No record with ID AL451054.22
2013-06-08 16:37:58,596 INFO No record with ID AC226744.2
2013-06-08 16:37:58,597 INFO No record with ID AP005530.3
2013-06-08 16:37:58,598 INFO No record with ID AP006226.1
2013-06-08 16:37:58,599 INFO No record with ID AC140847.4
2013-06-08 16:37:58,651 INFO No record with ID BX000454.33
2013-06-08 16:37:58,652 INFO No record with ID AC007160.3
2013-06-08 16:37:58,652 INFO No record with ID AC116917.2
2013-06-08 16:37:58,653 INFO No record with ID AC011339.5
2013-06-08 16:37:58,654 INFO No record with ID BX294110.8
2013-06-08 16:37:58,655 INFO No record with ID CR354535.11
2013-06-08 16:37:58,655 INFO No record with ID AC194993.3
2013-06-08 16:37:58,656 INFO No record with ID GU266908.1
2013-06-08 16:37:58,657 INFO No record with ID FO082810.4
2013-06-08 16:37:58,657 INFO No record with ID AL606510.10
2013-06-08 16:37:58,659 INFO No record with ID AL391595.14
2013-06-08 16:37:58,662 INFO No record with ID AC104108.3
2013-06-08 16:37:58,663 INFO No record with ID AC139345.8
2013-06-08 16:37:58,663 INFO No record with ID AC021015.4
2013-06-08 16:37:58,754 INFO No record with ID AC116669.7
2013-06-08 16:37:58,755 INFO No record with ID CT025638.1
2013-06-08 16:37:58,755 INFO No record with ID CT737430.2
2013-06-08 16:37:58,756 INFO No record with ID AC234938.3
2013-06-08 16:37:58,768 INFO No record with ID AB108159.1
2013-06-08 16:37:58,769 INFO No record with ID CU655820.18
2013-06-08 16:37:58,770 INFO No record with ID EF621784.1
2013-06-08 16:37:58,770 INFO No record with ID AC142181.3
2013-06-08 16:37:58,771 INFO No record with ID AL138924.25
2013-06-08 16:37:58,772 INFO No record with ID CR548632.13
2013-06-08 16:37:58,773 INFO No record with ID BX682238.10
2013-06-08 16:37:58,774 INFO No record with ID AC009122.8
2013-06-08 16:37:58,775 INFO No record with ID AC107881.16
2013-06-08 16:37:58,775 INFO No record with ID AC104038.9
2013-06-08 16:37:58,776 INFO No record with ID AC025287.8
2013-06-08 16:37:58,778 INFO No record with ID AC243628.3
2013-06-08 16:37:58,778 INFO No record with ID AC243198.3
2013-06-08 16:37:58,779 INFO No record with ID AC243839.1
2013-06-08 16:37:58,785 INFO No record with ID HQ896835.1
2013-06-08 16:37:58,786 INFO No record with ID AC063926.36
2013-06-08 16:37:58,787 INFO No record with ID AC111195.4
2013-06-08 16:37:58,787 INFO No record with ID AC165245.2
2013-06-08 16:37:58,788 INFO No record with ID AC007220.4
2013-06-08 16:37:58,789 INFO No record with ID CR626941.10
2013-06-08 16:37:58,789 INFO No record with ID AC093870.3
2013-06-08 16:37:58,790 INFO No record with ID AC007308.13
2013-06-08 16:37:58,791 INFO No record with ID AC002470.17
2013-06-08 16:37:58,792 INFO No record with ID AL121895.26
2013-06-08 16:37:58,793 INFO No record with ID AC214217.2
2013-06-08 16:37:58,794 INFO No record with ID AL109825.23
2013-06-08 16:37:58,795 INFO No record with ID AM454012.1
2013-06-08 16:37:58,797 INFO No record with ID AC006506.1
2013-06-08 16:37:58,797 INFO No record with ID AL157996.8
2013-06-08 16:37:58,798 INFO No record with ID AC016632.7
2013-06-08 16:37:58,799 INFO No record with ID AC145543.3
2013-06-08 16:37:58,799 INFO No record with ID AC106704.7
2013-06-08 16:37:58,800 INFO No record with ID AM471413.2
2013-06-08 16:37:58,800 INFO No record with ID AC215319.3
2013-06-08 16:37:58,801 INFO No record with ID M59097.1
2013-06-08 16:37:58,802 INFO No record with ID AL157781.8
2013-06-08 16:37:58,808 INFO No record with ID AC102751.14
2013-06-08 16:37:58,808 INFO No record with ID AC024405.6
2013-06-08 16:37:58,809 INFO No record with ID AC116901.7
2013-06-08 16:37:58,810 INFO No record with ID AC006987.2
2013-06-08 16:37:58,810 INFO No record with ID BS000579.1
2013-06-08 16:37:58,811 INFO No record with ID BS000597.1
2013-06-08 16:37:58,812 INFO No record with ID FJ529451.1
2013-06-08 16:37:58,812 INFO No record with ID AC243266.3
2013-06-08 16:37:58,813 INFO No record with ID FJ809032.1
2013-06-08 16:37:58,814 INFO No record with ID FJ529493.1
2013-06-08 16:37:58,814 INFO No record with ID AC243631.3
2013-06-08 16:37:58,815 INFO No record with ID AL161419.15
2013-06-08 16:37:58,816 INFO No record with ID AL391989.9
2013-06-08 16:37:58,925 INFO No record with ID AF012570.1
2013-06-08 16:37:58,926 INFO No record with ID AC174609.3
2013-06-08 16:37:58,927 INFO No record with ID AL731784.3
2013-06-08 16:37:58,927 INFO No record with ID AC189114.2
2013-06-08 16:37:58,928 INFO No record with ID AC192760.2
2013-06-08 16:37:58,929 INFO No record with ID AC197853.3
2013-06-08 16:37:58,930 INFO No record with ID AC008982.5
2013-06-08 16:37:58,930 INFO No record with ID AY927544.1
2013-06-08 16:37:58,931 INFO No record with ID AC191971.14
2013-06-08 16:37:59,061 INFO No record with ID AC214306.4
2013-06-08 16:37:59,062 INFO No record with ID BX649480.3
2013-06-08 16:37:59,063 INFO No record with ID AC022370.28
2013-06-08 16:37:59,064 INFO No record with ID AP001005.6
2013-06-08 16:37:59,065 INFO No record with ID AC134882.2
2013-06-08 16:37:59,066 INFO No record with ID AC183800.2
2013-06-08 16:37:59,067 INFO No record with ID AC118647.4
2013-06-08 16:37:59,068 INFO No record with ID AC012569.18
2013-06-08 16:37:59,069 INFO No record with ID AC204673.3
2013-06-08 16:37:59,070 INFO No record with ID AM454215.2
2013-06-08 16:37:59,071 INFO No record with ID AL606974.9
2013-06-08 16:37:59,072 INFO No record with ID AP000344.1
2013-06-08 16:37:59,073 INFO No record with ID AC154790.2
2013-06-08 16:37:59,074 INFO No record with ID CT033752.6
2013-06-08 16:37:59,075 INFO No record with ID AC008425.6
2013-06-08 16:37:59,075 INFO No record with ID AL109924.20
2013-06-08 16:37:59,076 INFO No record with ID AC138624.4
2013-06-08 16:37:59,077 INFO No record with ID AL596205.3
2013-06-08 16:37:59,078 INFO No record with ID AC068522.7
2013-06-08 16:37:59,079 INFO No record with ID AC000091.1
2013-06-08 16:37:59,081 INFO No record with ID AL954848.9
2013-06-08 16:37:59,082 INFO No record with ID JN770605.1
2013-06-08 16:37:59,084 INFO No record with ID AC055733.16
2013-06-08 16:37:59,085 INFO No record with ID AF254136.3
2013-06-08 16:37:59,086 INFO No record with ID AC104316.3
2013-06-08 16:37:59,087 INFO No record with ID AC100873.2
2013-06-08 16:37:59,088 INFO No record with ID AC006253.4
2013-06-08 16:37:59,089 INFO No record with ID AC009743.1
2013-06-08 16:37:59,090 INFO No record with ID AC132614.3
2013-06-08 16:37:59,091 INFO No record with ID AC021636.16
2013-06-08 16:37:59,093 INFO No record with ID AP000436.5
2013-06-08 16:37:59,223 INFO No record with ID AK108106.1
2013-06-08 16:37:59,224 INFO No record with ID AL031780.1
2013-06-08 16:37:59,225 INFO No record with ID X67031.1
2013-06-08 16:37:59,226 INFO No record with ID AC010517.3
2013-06-08 16:37:59,227 INFO No record with ID AC129805.7
2013-06-08 16:37:59,228 INFO No record with ID AC198462.3
2013-06-08 16:37:59,229 INFO No record with ID AC185324.4
2013-06-08 16:37:59,230 INFO No record with ID AK255006.1
2013-06-08 16:37:59,232 INFO No record with ID AC145195.2
2013-06-08 16:37:59,232 INFO No record with ID AC160934.2
2013-06-08 16:37:59,233 INFO No record with ID AC012078.3
2013-06-08 16:37:59,234 INFO No record with ID AL121877.14
2013-06-08 16:37:59,235 INFO No record with ID AC199714.3
2013-06-08 16:37:59,236 INFO No record with ID AC151572.2
2013-06-08 16:37:59,237 INFO No record with ID GQ196525.1
2013-06-08 16:37:59,238 INFO No record with ID AC022535.6
2013-06-08 16:37:59,239 INFO No record with ID HQ052270.1
2013-06-08 16:37:59,240 INFO No record with ID HQ075653.1
2013-06-08 16:37:59,241 INFO No record with ID JN221279.1
2013-06-08 16:37:59,242 INFO No record with ID AL050404.3
2013-06-08 16:37:59,243 INFO No record with ID AK128721.1
2013-06-08 16:37:59,245 INFO No record with ID AC091144.12
2013-06-08 16:37:59,264 INFO No record with ID AC022872.4
2013-06-08 16:37:59,266 INFO No record with ID AM461534.2
2013-06-08 16:37:59,267 INFO No record with ID AM444490.2
2013-06-08 16:37:59,279 INFO No record with ID AL096843.12
2013-06-08 16:37:59,281 INFO No record with ID AC136729.7
2013-06-08 16:37:59,284 INFO No record with ID AL136478.9
2013-06-08 16:37:59,285 INFO No record with ID AC147099.2
2013-06-08 16:37:59,375 INFO No record with ID AC172374.4
2013-06-08 16:37:59,376 INFO No record with ID AC187629.3
2013-06-08 16:37:59,377 INFO No record with ID AC104597.3
2013-06-08 16:37:59,379 INFO No record with ID AC188798.3
2013-06-08 16:37:59,380 INFO No record with ID AC187369.3
2013-06-08 16:37:59,381 INFO No record with ID AC239618.4
2013-06-08 16:37:59,382 INFO No record with ID AJ302782.1
2013-06-08 16:37:59,383 INFO No record with ID AC068614.5
2013-06-08 16:37:59,386 INFO No record with ID AL592296.16
2013-06-08 16:37:59,391 INFO No record with ID AL031427.15
2013-06-08 16:37:59,392 INFO No record with ID AL929392.11
2013-06-08 16:37:59,393 INFO No record with ID CU468097.4
2013-06-08 16:37:59,394 INFO No record with ID AC135105.11
2013-06-08 16:37:59,395 INFO No record with ID CR354385.15
2013-06-08 16:37:59,396 INFO No record with ID AC007844.32
2013-06-08 16:37:59,397 INFO No record with ID AL158212.15
2013-06-08 16:37:59,399 INFO No record with ID AC243192.3
2013-06-08 16:37:59,407 INFO No record with ID AC241497.4
2013-06-08 16:37:59,408 INFO No record with ID AC243298.3
2013-06-08 16:37:59,408 INFO No record with ID AL121755.23
2013-06-08 16:37:59,409 INFO No record with ID NG_006450.2
2013-06-08 16:37:59,410 INFO No record with ID Z61520.1
2013-06-08 16:37:59,411 INFO No record with ID Z61519.1
2013-06-08 16:37:59,412 INFO No record with ID AL833414.1
2013-06-08 16:37:59,412 INFO No record with ID AL138755.13
2013-06-08 16:37:59,414 INFO No record with ID GU920650.1
2013-06-08 16:37:59,415 INFO No record with ID GU740665.1
2013-06-08 16:37:59,417 INFO No record with ID AL136365.9
2013-06-08 16:37:59,452 INFO No record with ID AC097652.2
2013-06-08 16:37:59,453 INFO No record with ID AL359851.19
2013-06-08 16:37:59,454 INFO No record with ID AC107389.4
2013-06-08 16:37:59,455 INFO No record with ID AC231290.2
2013-06-08 16:37:59,456 INFO No record with ID AC093488.1
2013-06-08 16:37:59,457 INFO No record with ID AC091493.2
2013-06-08 16:37:59,458 INFO No record with ID AC192829.3
2013-06-08 16:37:59,542 INFO No record with ID AP002364.4
2013-06-08 16:37:59,543 INFO No record with ID AC012323.7
2013-06-08 16:37:59,544 INFO No record with ID AC092378.4
2013-06-08 16:37:59,545 INFO No record with ID AC117376.3
2013-06-08 16:37:59,546 INFO No record with ID AL356269.10
2013-06-08 16:37:59,547 INFO No record with ID BS000668.1
2013-06-08 16:37:59,548 INFO No record with ID BX247877.13
2013-06-08 16:37:59,549 INFO No record with ID AC191156.5
2013-06-08 16:37:59,549 INFO No record with ID AC190283.8
2013-06-08 16:37:59,550 INFO No record with ID AC234831.1
2013-06-08 16:37:59,551 INFO No record with ID AL023513.1
2013-06-08 16:37:59,594 INFO No record with ID DQ995508.1
2013-06-08 16:37:59,621 INFO No record with ID AC215898.1
2013-06-08 16:37:59,622 INFO No record with ID AC154550.2
2013-06-08 16:37:59,625 INFO No record with ID AC114313.2
2013-06-08 16:37:59,626 INFO No record with ID AC147448.2
2013-06-08 16:37:59,626 INFO No record with ID AC012123.8
2013-06-08 16:37:59,627 INFO No record with ID AC025156.21
2013-06-08 16:37:59,628 INFO No record with ID AC008698.6
2013-06-08 16:37:59,629 INFO No record with ID AC091960.4
2013-06-08 16:37:59,629 INFO No record with ID AC239461.3
2013-06-08 16:37:59,630 INFO No record with ID AC131685.4
2013-06-08 16:37:59,631 INFO No record with ID GU918533.1
2013-06-08 16:37:59,633 INFO No record with ID AC150749.3
2013-06-08 16:37:59,635 INFO No record with ID AC190220.1
2013-06-08 16:37:59,637 INFO No record with ID AC211241.5
2013-06-08 16:37:59,639 INFO No record with ID AL603749.6
2013-06-08 16:37:59,643 INFO No record with ID AC006373.3
2013-06-08 16:37:59,645 INFO No record with ID AC104236.2
2013-06-08 16:37:59,648 INFO No record with ID AC113190.8
2013-06-08 16:37:59,656 INFO No record with ID AM464865.2
2013-06-08 16:37:59,662 INFO No record with ID AL049834.3
2013-06-08 16:37:59,665 INFO No record with ID AL136168.4
2013-06-08 16:37:59,667 INFO No record with ID AC189955.2
2013-06-08 16:37:59,670 INFO No record with ID AC202278.2
2013-06-08 16:37:59,673 INFO No record with ID AC005537.2
2013-06-08 16:37:59,676 INFO No record with ID AC146043.2
2013-06-08 16:37:59,729 INFO No record with ID AC007694.7
2013-06-08 16:38:00,182 INFO No record with ID AL021938.1
2013-06-08 16:38:00,183 INFO No record with ID AC098858.3
2013-06-08 16:38:00,186 INFO No record with ID AL662785.5
2013-06-08 16:38:00,189 INFO No record with ID CU927996.3
2013-06-08 16:38:00,191 INFO No record with ID AF025422.1
2013-06-08 16:38:00,194 INFO No record with ID AL137218.5
2013-06-08 16:38:00,197 INFO No record with ID AL591856.26
2013-06-08 16:38:00,200 INFO No record with ID AC174053.1
2013-06-08 16:38:00,405 INFO No record with ID JN772195.1
2013-06-08 16:38:00,410 INFO No record with ID AC018809.5
2013-06-08 16:38:00,413 INFO No record with ID AC022007.5
2013-06-08 16:38:00,416 INFO No record with ID AC007783.26
2013-06-08 16:38:00,421 INFO No record with ID AL450342.16
2013-06-08 16:38:00,424 INFO No record with ID AL672187.12
2013-06-08 16:38:00,426 INFO No record with ID AC182581.3
2013-06-08 16:38:00,429 INFO No record with ID AC183834.3
2013-06-08 16:38:00,432 INFO No record with ID FP565721.2
2013-06-08 16:38:00,435 INFO No record with ID AC034150.6
2013-06-08 16:38:00,441 INFO No record with ID CT573303.9
2013-06-08 16:38:00,449 INFO No record with ID AP002833.3
2013-06-08 16:38:00,454 INFO No record with ID CT025564.10
2013-06-08 16:38:00,460 INFO No record with ID AC242646.4
2013-06-08 16:38:00,465 INFO No record with ID AC245872.4
2013-06-08 16:38:00,467 INFO No record with ID AC099653.5
2013-06-08 16:38:00,470 INFO No record with ID AC146264.3
2013-06-08 16:38:00,473 INFO No record with ID AC145864.2
2013-06-08 16:38:00,486 INFO No record with ID DQ290176.1
2013-06-08 16:38:00,489 INFO No record with ID AC021413.16
2013-06-08 16:38:00,492 INFO No record with ID AC135731.6
2013-06-08 16:38:00,494 INFO No record with ID AC139426.2
2013-06-08 16:38:00,497 INFO No record with ID AL356218.22
2013-06-08 16:38:00,500 INFO No record with ID AC154335.1
2013-06-08 16:38:00,503 INFO No record with ID CT033785.8
2013-06-08 16:38:00,505 INFO No record with ID JN956763.1
2013-06-08 16:38:00,508 INFO No record with ID AL034452.8
2013-06-08 16:38:00,511 INFO No record with ID AL035530.11
2013-06-08 16:38:00,514 INFO No record with ID AL356108.12
2013-06-08 16:38:00,516 INFO No record with ID AL357332.11
2013-06-08 16:38:00,519 INFO No record with ID AK123203.1
2013-06-08 16:38:00,522 INFO No record with ID AC009471.5
2013-06-08 16:38:00,525 INFO No record with ID Y08006.1
2013-06-08 16:38:00,565 INFO No record with ID AF167066.1
2013-06-08 16:38:00,568 INFO No record with ID AJ305401.1
2013-06-08 16:38:00,571 INFO No record with ID AM449585.2
2013-06-08 16:38:00,580 INFO No record with ID Z59459.1
2013-06-08 16:38:00,582 INFO No record with ID AL772398.7
2013-06-08 16:38:00,585 INFO No record with ID AC093611.2
2013-06-08 16:38:00,588 INFO No record with ID HQ525580.1
2013-06-08 16:38:00,591 INFO No record with ID HQ525598.1
2013-06-08 16:38:00,593 INFO No record with ID AC090797.5
2013-06-08 16:38:00,597 INFO No record with ID HQ525316.1
2013-06-08 16:38:00,597 INFO Populate record container - elapsed time: 00:00:02
2013-06-08 16:38:06,929 INFO read populate cdss over
2013-06-08 16:38:06,953 INFO In solution comparison: CDS was matched to already matched gene.
2013-06-08 16:38:06,953 INFO In solution comparison: CDS was matched to already matched gene.
2013-06-08 16:38:06,953 INFO In solution comparison: CDS was matched to already matched gene.
2013-06-08 16:38:06,954 INFO In solution comparison: CDS was matched to already matched gene.
2013-06-08 16:38:06,954 INFO In solution comparison: CDS was matched to already matched gene.
2013-06-08 16:38:06,954 INFO In solution comparison: CDS was matched to already matched gene.
2013-06-08 16:38:06,954 INFO In solution comparison: CDS was matched to already matched gene.
2013-06-08 16:38:06,955 INFO In solution comparison: CDS was matched to already matched gene.
2013-06-08 16:38:06,955 INFO In solution comparison: CDS was matched to already matched gene.
2013-06-08 16:38:06,955 INFO In solution comparison: CDS was matched to already matched gene.
2013-06-08 16:38:06,955 INFO In solution comparison: CDS was matched to already matched gene.
2013-06-08 16:38:06,956 INFO In solution comparison: CDS was matched to already matched gene.
2013-06-08 16:38:06,956 INFO In solution comparison: CDS was matched to already matched gene.
2013-06-08 16:38:06,956 INFO In solution comparison: CDS was matched to already matched gene.
2013-06-08 16:38:06,956 INFO In solution comparison: CDS was matched to already matched gene.
2013-06-08 16:38:06,957 INFO In solution comparison: CDS was matched to already matched gene.
2013-06-08 16:38:06,957 INFO In solution comparison: CDS was matched to already matched gene.
2013-06-08 16:38:06,957 INFO In solution comparison: CDS was matched to already matched gene.
2013-06-08 16:38:06,957 INFO In solution comparison: CDS was matched to already matched gene.
2013-06-08 16:38:06,958 INFO In solution comparison: CDS was matched to already matched gene.
2013-06-08 16:38:07,004 INFO host_taxid:9606 host_read_count:0
2013-06-08 16:38:07,004 INFO Host identified: 9606!
2013-06-08 16:38:07,006 INFO Cds Aln Container populated!
2013-06-08 16:38:07,035 INFO In solution comparison: CDS was matched to already matched gene.
2013-06-08 16:38:07,035 INFO In solution comparison: CDS was matched to already matched gene.
2013-06-08 16:38:07,035 INFO In solution comparison: CDS was matched to already matched gene.
2013-06-08 16:38:07,036 INFO In solution comparison: CDS was matched to already matched gene.
2013-06-08 16:38:07,036 INFO In solution comparison: CDS was matched to already matched gene.
2013-06-08 16:38:07,036 INFO In solution comparison: CDS was matched to already matched gene.
2013-06-08 16:38:07,036 INFO In solution comparison: CDS was matched to already matched gene.
2013-06-08 16:38:07,036 INFO In solution comparison: CDS was matched to already matched gene.
2013-06-08 16:38:07,037 INFO In solution comparison: CDS was matched to already matched gene.
2013-06-08 16:38:07,037 INFO In solution comparison: CDS was matched to already matched gene.
2013-06-08 16:38:07,052 INFO Reads mapped to CDSS.
2013-06-08 16:38:07,076 INFO In solution comparison: CDS was matched to already matched gene.
2013-06-08 16:38:07,076 INFO In solution comparison: CDS was matched to already matched gene.
2013-06-08 16:38:07,076 INFO In solution comparison: CDS was matched to already matched gene.
2013-06-08 16:38:07,076 INFO In solution comparison: CDS was matched to already matched gene.
2013-06-08 16:38:07,138 INFO TaxSolver: unable to fetch tax_id from gi = 1
2013-06-08 16:38:07,157 INFO Taxonomy determined.
2013-06-08 16:38:07,175 INFO In solution comparison: CDS was matched to already matched gene.
2013-06-08 16:38:07,175 INFO In solution comparison: CDS was matched to already matched gene.
2013-06-08 16:38:07,176 INFO In solution comparison: CDS was matched to already matched gene.
2013-06-08 16:38:07,176 INFO In solution comparison: CDS was matched to already matched gene.
2013-06-08 16:38:07,931 INFO In solution comparison: CDS was matched to already matched gene.
2013-06-08 16:38:07,931 INFO In solution comparison: CDS was matched to already matched gene.
2013-06-08 16:38:07,932 INFO In solution comparison: CDS was matched to already matched gene.
2013-06-08 16:38:07,932 INFO In solution comparison: CDS was matched to already matched gene.
2013-06-08 16:38:07,932 INFO Proba 0: funkcija generateXML prosla!
2013-06-08 16:38:08,142 INFO Processing done in 00:00:09
2013-06-08 16:38:08,142 INFO Finished.
